<?xml version="1.0" encoding="UTF-8"?>
<!-- Generated by org.testng.reporters.JUnitReportReporter -->
<testsuite hostname="DESKTOP-GEQF7OU" failures="0" tests="3" name="com.selenium.ft.FilterTest" time="47.538" errors="0" timestamp="2025-02-08T20:39:39 AMT" skipped="0">
  <testcase classname="com.selenium.ft.FilterTest" name="test" time="15.713"/>
  <testcase classname="com.selenium.ft.FilterTest" name="test" time="15.787"/>
  <testcase classname="com.selenium.ft.FilterTest" name="test" time="16.038"/>
</testsuite> <!-- com.selenium.ft.FilterTest -->
